02-02 07:56:32 com_github_MitjaNemec_Archive3DModels.action_archive_3d_models 220:Plugin executed on: 'linux'
02-02 07:56:32 com_github_MitjaNemec_Archive3DModels.action_archive_3d_models 221:Plugin executed with python version: '3.10.6 (main, Nov 14 2022, 16:10:14) [GCC 11.3.0]'
02-02 07:56:32 com_github_MitjaNemec_Archive3DModels.action_archive_3d_models 222:KiCad build version: 6.0.2+dfsg-1
02-02 07:56:32 com_github_MitjaNemec_Archive3DModels.action_archive_3d_models 223:Plugin version: 1.0.5

02-02 07:56:32 com_github_MitjaNemec_Archive3DModels.action_archive_3d_models 228:Screen sizes: [wx.Size(2560, 1080)]
02-02 07:56:32 com_github_MitjaNemec_Archive3DModels.action_archive_3d_models 235:Dialog size: wx.Size(213, 81)
02-02 07:56:32 com_github_MitjaNemec_Archive3DModels.action_archive_3d_models 237:Char size: 27
02-02 07:56:33 com_github_MitjaNemec_Archive3DModels.archive_3d_models 13:Starting to archive 3D models
02-02 07:56:33 com_github_MitjaNemec_Archive3DModels.archive_3d_models 34:Getting 3D models for footprint of: R19
02-02 07:56:33 com_github_MitjaNemec_Archive3DModels.archive_3d_models 45:Trying to copy: ${KIPRJMOD}/packages3D/R_0603_1608Metric.wrl
02-02 07:56:33 com_github_MitjaNemec_Archive3DModels.archive_3d_models 105:Remapping: ${KIPRJMOD}/packages3D/R_0603_1608Metric.wrl
02-02 07:56:33 com_github_MitjaNemec_Archive3DModels.archive_3d_models 34:Getting 3D models for footprint of: JP6
02-02 07:56:33 com_github_MitjaNemec_Archive3DModels.archive_3d_models 34:Getting 3D models for footprint of: C23
02-02 07:56:33 com_github_MitjaNemec_Archive3DModels.archive_3d_models 45:Trying to copy: ${KIPRJMOD}/packages3D/C_0603_1608Metric.wrl
02-02 07:56:33 com_github_MitjaNemec_Archive3DModels.archive_3d_models 105:Remapping: ${KIPRJMOD}/packages3D/C_0603_1608Metric.wrl
02-02 07:56:33 com_github_MitjaNemec_Archive3DModels.archive_3d_models 34:Getting 3D models for footprint of: H3
02-02 07:56:33 com_github_MitjaNemec_Archive3DModels.archive_3d_models 34:Getting 3D models for footprint of: J6
02-02 07:56:33 com_github_MitjaNemec_Archive3DModels.archive_3d_models 45:Trying to copy: ${KIPRJMOD}/packages3D/PinHeader_1x03_P2.54mm_Horizontal.wrl
02-02 07:56:33 com_github_MitjaNemec_Archive3DModels.archive_3d_models 105:Remapping: ${KIPRJMOD}/packages3D/PinHeader_1x03_P2.54mm_Horizontal.wrl
02-02 07:56:33 com_github_MitjaNemec_Archive3DModels.archive_3d_models 34:Getting 3D models for footprint of: R11
02-02 07:56:33 com_github_MitjaNemec_Archive3DModels.archive_3d_models 45:Trying to copy: ${KIPRJMOD}/packages3D/R_0603_1608Metric.wrl
02-02 07:56:33 com_github_MitjaNemec_Archive3DModels.archive_3d_models 105:Remapping: ${KIPRJMOD}/packages3D/R_0603_1608Metric.wrl
02-02 07:56:33 com_github_MitjaNemec_Archive3DModels.archive_3d_models 34:Getting 3D models for footprint of: H4
02-02 07:56:33 com_github_MitjaNemec_Archive3DModels.archive_3d_models 34:Getting 3D models for footprint of: C17
02-02 07:56:33 com_github_MitjaNemec_Archive3DModels.archive_3d_models 45:Trying to copy: ${KIPRJMOD}/packages3D/C_0603_1608Metric.wrl
02-02 07:56:33 com_github_MitjaNemec_Archive3DModels.archive_3d_models 105:Remapping: ${KIPRJMOD}/packages3D/C_0603_1608Metric.wrl
02-02 07:56:33 com_github_MitjaNemec_Archive3DModels.archive_3d_models 34:Getting 3D models for footprint of: R6
02-02 07:56:33 com_github_MitjaNemec_Archive3DModels.archive_3d_models 45:Trying to copy: ${KIPRJMOD}/packages3D/R_0603_1608Metric.wrl
02-02 07:56:33 com_github_MitjaNemec_Archive3DModels.archive_3d_models 105:Remapping: ${KIPRJMOD}/packages3D/R_0603_1608Metric.wrl
02-02 07:56:33 com_github_MitjaNemec_Archive3DModels.archive_3d_models 34:Getting 3D models for footprint of: R10
02-02 07:56:33 com_github_MitjaNemec_Archive3DModels.archive_3d_models 45:Trying to copy: ${KIPRJMOD}/packages3D/R_0603_1608Metric.wrl
02-02 07:56:33 com_github_MitjaNemec_Archive3DModels.archive_3d_models 105:Remapping: ${KIPRJMOD}/packages3D/R_0603_1608Metric.wrl
02-02 07:56:33 com_github_MitjaNemec_Archive3DModels.archive_3d_models 34:Getting 3D models for footprint of: R9
02-02 07:56:33 com_github_MitjaNemec_Archive3DModels.archive_3d_models 45:Trying to copy: ${KIPRJMOD}/packages3D/R_0603_1608Metric.wrl
02-02 07:56:33 com_github_MitjaNemec_Archive3DModels.archive_3d_models 105:Remapping: ${KIPRJMOD}/packages3D/R_0603_1608Metric.wrl
02-02 07:56:33 com_github_MitjaNemec_Archive3DModels.archive_3d_models 34:Getting 3D models for footprint of: R7
02-02 07:56:33 com_github_MitjaNemec_Archive3DModels.archive_3d_models 45:Trying to copy: ${KIPRJMOD}/packages3D/R_0603_1608Metric.wrl
02-02 07:56:33 com_github_MitjaNemec_Archive3DModels.archive_3d_models 105:Remapping: ${KIPRJMOD}/packages3D/R_0603_1608Metric.wrl
02-02 07:56:33 com_github_MitjaNemec_Archive3DModels.archive_3d_models 34:Getting 3D models for footprint of: R23
02-02 07:56:33 com_github_MitjaNemec_Archive3DModels.archive_3d_models 45:Trying to copy: ${KIPRJMOD}/packages3D/R_0603_1608Metric.wrl
02-02 07:56:33 com_github_MitjaNemec_Archive3DModels.archive_3d_models 105:Remapping: ${KIPRJMOD}/packages3D/R_0603_1608Metric.wrl
02-02 07:56:33 com_github_MitjaNemec_Archive3DModels.archive_3d_models 34:Getting 3D models for footprint of: C24
02-02 07:56:33 com_github_MitjaNemec_Archive3DModels.archive_3d_models 45:Trying to copy: ${KIPRJMOD}/packages3D/C_0603_1608Metric.wrl
02-02 07:56:33 com_github_MitjaNemec_Archive3DModels.archive_3d_models 105:Remapping: ${KIPRJMOD}/packages3D/C_0603_1608Metric.wrl
02-02 07:56:33 com_github_MitjaNemec_Archive3DModels.archive_3d_models 34:Getting 3D models for footprint of: R25
02-02 07:56:33 com_github_MitjaNemec_Archive3DModels.archive_3d_models 45:Trying to copy: ${KIPRJMOD}/packages3D/R_0603_1608Metric.wrl
02-02 07:56:33 com_github_MitjaNemec_Archive3DModels.archive_3d_models 105:Remapping: ${KIPRJMOD}/packages3D/R_0603_1608Metric.wrl
02-02 07:56:33 com_github_MitjaNemec_Archive3DModels.archive_3d_models 34:Getting 3D models for footprint of: R26
02-02 07:56:33 com_github_MitjaNemec_Archive3DModels.archive_3d_models 45:Trying to copy: ${KIPRJMOD}/packages3D/R_0603_1608Metric.wrl
02-02 07:56:33 com_github_MitjaNemec_Archive3DModels.archive_3d_models 105:Remapping: ${KIPRJMOD}/packages3D/R_0603_1608Metric.wrl
02-02 07:56:33 com_github_MitjaNemec_Archive3DModels.archive_3d_models 34:Getting 3D models for footprint of: U2
02-02 07:56:33 com_github_MitjaNemec_Archive3DModels.archive_3d_models 45:Trying to copy: ${KIPRJMOD}/packages3D/SOT-223.wrl
02-02 07:56:33 com_github_MitjaNemec_Archive3DModels.archive_3d_models 105:Remapping: ${KIPRJMOD}/packages3D/SOT-223.wrl
02-02 07:56:33 com_github_MitjaNemec_Archive3DModels.archive_3d_models 34:Getting 3D models for footprint of: J7
02-02 07:56:33 com_github_MitjaNemec_Archive3DModels.archive_3d_models 45:Trying to copy: ${KIPRJMOD}/packages3D/PinHeader_1x03_P2.54mm_Horizontal.wrl
02-02 07:56:33 com_github_MitjaNemec_Archive3DModels.archive_3d_models 105:Remapping: ${KIPRJMOD}/packages3D/PinHeader_1x03_P2.54mm_Horizontal.wrl
02-02 07:56:33 com_github_MitjaNemec_Archive3DModels.archive_3d_models 34:Getting 3D models for footprint of: R16
02-02 07:56:33 com_github_MitjaNemec_Archive3DModels.archive_3d_models 45:Trying to copy: ${KIPRJMOD}/packages3D/R_0603_1608Metric.wrl
02-02 07:56:33 com_github_MitjaNemec_Archive3DModels.archive_3d_models 105:Remapping: ${KIPRJMOD}/packages3D/R_0603_1608Metric.wrl
02-02 07:56:33 com_github_MitjaNemec_Archive3DModels.archive_3d_models 34:Getting 3D models for footprint of: Q1
02-02 07:56:33 com_github_MitjaNemec_Archive3DModels.archive_3d_models 45:Trying to copy: ${KIPRJMOD}/packages3D/SOT-23.wrl
02-02 07:56:33 com_github_MitjaNemec_Archive3DModels.archive_3d_models 105:Remapping: ${KIPRJMOD}/packages3D/SOT-23.wrl
02-02 07:56:33 com_github_MitjaNemec_Archive3DModels.archive_3d_models 34:Getting 3D models for footprint of: Y1
02-02 07:56:33 com_github_MitjaNemec_Archive3DModels.archive_3d_models 45:Trying to copy: /home/nilo/Documents/Libraries/KiCAD/Models_3D/CSTNE8M00G55Z000R0.step
02-02 07:56:33 com_github_MitjaNemec_Archive3DModels.archive_3d_models 105:Remapping: /home/nilo/Documents/Libraries/KiCAD/Models_3D/CSTNE8M00G55Z000R0.step
02-02 07:56:33 com_github_MitjaNemec_Archive3DModels.archive_3d_models 34:Getting 3D models for footprint of: C7
02-02 07:56:33 com_github_MitjaNemec_Archive3DModels.archive_3d_models 45:Trying to copy: ${KIPRJMOD}/packages3D/C_1206_3216Metric.wrl
02-02 07:56:33 com_github_MitjaNemec_Archive3DModels.archive_3d_models 105:Remapping: ${KIPRJMOD}/packages3D/C_1206_3216Metric.wrl
02-02 07:56:33 com_github_MitjaNemec_Archive3DModels.archive_3d_models 34:Getting 3D models for footprint of: D2
02-02 07:56:33 com_github_MitjaNemec_Archive3DModels.archive_3d_models 45:Trying to copy: ${KIPRJMOD}/packages3D/LED_0603_1608Metric.wrl
02-02 07:56:33 com_github_MitjaNemec_Archive3DModels.archive_3d_models 105:Remapping: ${KIPRJMOD}/packages3D/LED_0603_1608Metric.wrl
02-02 07:56:33 com_github_MitjaNemec_Archive3DModels.archive_3d_models 34:Getting 3D models for footprint of: U1
02-02 07:56:33 com_github_MitjaNemec_Archive3DModels.archive_3d_models 45:Trying to copy: ${KIPRJMOD}/packages3D/SOT-223.wrl
02-02 07:56:33 com_github_MitjaNemec_Archive3DModels.archive_3d_models 105:Remapping: ${KIPRJMOD}/packages3D/SOT-223.wrl
02-02 07:56:33 com_github_MitjaNemec_Archive3DModels.archive_3d_models 34:Getting 3D models for footprint of: C9
02-02 07:56:33 com_github_MitjaNemec_Archive3DModels.archive_3d_models 45:Trying to copy: ${KIPRJMOD}/packages3D/C_0603_1608Metric.wrl
02-02 07:56:33 com_github_MitjaNemec_Archive3DModels.archive_3d_models 105:Remapping: ${KIPRJMOD}/packages3D/C_0603_1608Metric.wrl
02-02 07:56:33 com_github_MitjaNemec_Archive3DModels.archive_3d_models 34:Getting 3D models for footprint of: C19
02-02 07:56:33 com_github_MitjaNemec_Archive3DModels.archive_3d_models 45:Trying to copy: ${KIPRJMOD}/packages3D/C_0603_1608Metric.wrl
02-02 07:56:33 com_github_MitjaNemec_Archive3DModels.archive_3d_models 105:Remapping: ${KIPRJMOD}/packages3D/C_0603_1608Metric.wrl
02-02 07:56:33 com_github_MitjaNemec_Archive3DModels.archive_3d_models 34:Getting 3D models for footprint of: C6
02-02 07:56:33 com_github_MitjaNemec_Archive3DModels.archive_3d_models 45:Trying to copy: ${KIPRJMOD}/packages3D/C_0603_1608Metric.wrl
02-02 07:56:33 com_github_MitjaNemec_Archive3DModels.archive_3d_models 105:Remapping: ${KIPRJMOD}/packages3D/C_0603_1608Metric.wrl
02-02 07:56:33 com_github_MitjaNemec_Archive3DModels.archive_3d_models 34:Getting 3D models for footprint of: R13
02-02 07:56:33 com_github_MitjaNemec_Archive3DModels.archive_3d_models 45:Trying to copy: ${KIPRJMOD}/packages3D/R_0603_1608Metric.wrl
02-02 07:56:33 com_github_MitjaNemec_Archive3DModels.archive_3d_models 105:Remapping: ${KIPRJMOD}/packages3D/R_0603_1608Metric.wrl
02-02 07:56:33 com_github_MitjaNemec_Archive3DModels.archive_3d_models 34:Getting 3D models for footprint of: R12
02-02 07:56:33 com_github_MitjaNemec_Archive3DModels.archive_3d_models 45:Trying to copy: ${KIPRJMOD}/packages3D/R_0603_1608Metric.wrl
02-02 07:56:33 com_github_MitjaNemec_Archive3DModels.archive_3d_models 105:Remapping: ${KIPRJMOD}/packages3D/R_0603_1608Metric.wrl
02-02 07:56:33 com_github_MitjaNemec_Archive3DModels.archive_3d_models 34:Getting 3D models for footprint of: J5
02-02 07:56:33 com_github_MitjaNemec_Archive3DModels.archive_3d_models 45:Trying to copy: ${KIPRJMOD}/packages3D/PinHeader_1x03_P2.54mm_Horizontal.wrl
02-02 07:56:33 com_github_MitjaNemec_Archive3DModels.archive_3d_models 105:Remapping: ${KIPRJMOD}/packages3D/PinHeader_1x03_P2.54mm_Horizontal.wrl
02-02 07:56:33 com_github_MitjaNemec_Archive3DModels.archive_3d_models 34:Getting 3D models for footprint of: J2
02-02 07:56:33 com_github_MitjaNemec_Archive3DModels.archive_3d_models 45:Trying to copy: ${KIPRJMOD}/packages3D/PinHeader_1x04_P2.54mm_Vertical.wrl
02-02 07:56:33 com_github_MitjaNemec_Archive3DModels.archive_3d_models 105:Remapping: ${KIPRJMOD}/packages3D/PinHeader_1x04_P2.54mm_Vertical.wrl
02-02 07:56:33 com_github_MitjaNemec_Archive3DModels.archive_3d_models 34:Getting 3D models for footprint of: R5
02-02 07:56:33 com_github_MitjaNemec_Archive3DModels.archive_3d_models 45:Trying to copy: ${KIPRJMOD}/packages3D/R_0603_1608Metric.wrl
02-02 07:56:33 com_github_MitjaNemec_Archive3DModels.archive_3d_models 105:Remapping: ${KIPRJMOD}/packages3D/R_0603_1608Metric.wrl
02-02 07:56:33 com_github_MitjaNemec_Archive3DModels.archive_3d_models 34:Getting 3D models for footprint of: C18
02-02 07:56:33 com_github_MitjaNemec_Archive3DModels.archive_3d_models 45:Trying to copy: ${KIPRJMOD}/packages3D/C_0603_1608Metric.wrl
02-02 07:56:33 com_github_MitjaNemec_Archive3DModels.archive_3d_models 105:Remapping: ${KIPRJMOD}/packages3D/C_0603_1608Metric.wrl
02-02 07:56:33 com_github_MitjaNemec_Archive3DModels.archive_3d_models 34:Getting 3D models for footprint of: R2
02-02 07:56:33 com_github_MitjaNemec_Archive3DModels.archive_3d_models 45:Trying to copy: ${KIPRJMOD}/packages3D/R_0603_1608Metric.wrl
02-02 07:56:33 com_github_MitjaNemec_Archive3DModels.archive_3d_models 105:Remapping: ${KIPRJMOD}/packages3D/R_0603_1608Metric.wrl
02-02 07:56:33 com_github_MitjaNemec_Archive3DModels.archive_3d_models 34:Getting 3D models for footprint of: C21
02-02 07:56:33 com_github_MitjaNemec_Archive3DModels.archive_3d_models 45:Trying to copy: ${KIPRJMOD}/packages3D/C_0603_1608Metric.wrl
02-02 07:56:33 com_github_MitjaNemec_Archive3DModels.archive_3d_models 105:Remapping: ${KIPRJMOD}/packages3D/C_0603_1608Metric.wrl
02-02 07:56:33 com_github_MitjaNemec_Archive3DModels.archive_3d_models 34:Getting 3D models for footprint of: H2
02-02 07:56:33 com_github_MitjaNemec_Archive3DModels.archive_3d_models 34:Getting 3D models for footprint of: R3
02-02 07:56:33 com_github_MitjaNemec_Archive3DModels.archive_3d_models 45:Trying to copy: ${KIPRJMOD}/packages3D/R_0603_1608Metric.wrl
02-02 07:56:33 com_github_MitjaNemec_Archive3DModels.archive_3d_models 105:Remapping: ${KIPRJMOD}/packages3D/R_0603_1608Metric.wrl
02-02 07:56:33 com_github_MitjaNemec_Archive3DModels.archive_3d_models 34:Getting 3D models for footprint of: R17
02-02 07:56:33 com_github_MitjaNemec_Archive3DModels.archive_3d_models 45:Trying to copy: ${KIPRJMOD}/packages3D/R_0603_1608Metric.wrl
02-02 07:56:33 com_github_MitjaNemec_Archive3DModels.archive_3d_models 105:Remapping: ${KIPRJMOD}/packages3D/R_0603_1608Metric.wrl
02-02 07:56:33 com_github_MitjaNemec_Archive3DModels.archive_3d_models 34:Getting 3D models for footprint of: R22
02-02 07:56:33 com_github_MitjaNemec_Archive3DModels.archive_3d_models 45:Trying to copy: ${KIPRJMOD}/packages3D/R_0603_1608Metric.wrl
02-02 07:56:33 com_github_MitjaNemec_Archive3DModels.archive_3d_models 105:Remapping: ${KIPRJMOD}/packages3D/R_0603_1608Metric.wrl
02-02 07:56:33 com_github_MitjaNemec_Archive3DModels.archive_3d_models 34:Getting 3D models for footprint of: R18
02-02 07:56:33 com_github_MitjaNemec_Archive3DModels.archive_3d_models 45:Trying to copy: ${KIPRJMOD}/packages3D/R_0603_1608Metric.wrl
02-02 07:56:33 com_github_MitjaNemec_Archive3DModels.archive_3d_models 105:Remapping: ${KIPRJMOD}/packages3D/R_0603_1608Metric.wrl
02-02 07:56:33 com_github_MitjaNemec_Archive3DModels.archive_3d_models 34:Getting 3D models for footprint of: R21
02-02 07:56:33 com_github_MitjaNemec_Archive3DModels.archive_3d_models 45:Trying to copy: ${KIPRJMOD}/packages3D/R_0603_1608Metric.wrl
02-02 07:56:33 com_github_MitjaNemec_Archive3DModels.archive_3d_models 105:Remapping: ${KIPRJMOD}/packages3D/R_0603_1608Metric.wrl
02-02 07:56:33 com_github_MitjaNemec_Archive3DModels.archive_3d_models 34:Getting 3D models for footprint of: U3
02-02 07:56:33 com_github_MitjaNemec_Archive3DModels.archive_3d_models 45:Trying to copy: ${KIPRJMOD}/packages3D/SOT-23-5.wrl
02-02 07:56:33 com_github_MitjaNemec_Archive3DModels.archive_3d_models 105:Remapping: ${KIPRJMOD}/packages3D/SOT-23-5.wrl
02-02 07:56:33 com_github_MitjaNemec_Archive3DModels.archive_3d_models 34:Getting 3D models for footprint of: J10
02-02 07:56:33 com_github_MitjaNemec_Archive3DModels.archive_3d_models 45:Trying to copy: ${KIPRJMOD}/packages3D/PinHeader_1x03_P2.54mm_Horizontal.wrl
02-02 07:56:33 com_github_MitjaNemec_Archive3DModels.archive_3d_models 105:Remapping: ${KIPRJMOD}/packages3D/PinHeader_1x03_P2.54mm_Horizontal.wrl
02-02 07:56:33 com_github_MitjaNemec_Archive3DModels.archive_3d_models 34:Getting 3D models for footprint of: C11
02-02 07:56:33 com_github_MitjaNemec_Archive3DModels.archive_3d_models 45:Trying to copy: ${KIPRJMOD}/packages3D/C_0805_2012Metric.wrl
02-02 07:56:33 com_github_MitjaNemec_Archive3DModels.archive_3d_models 105:Remapping: ${KIPRJMOD}/packages3D/C_0805_2012Metric.wrl
02-02 07:56:33 com_github_MitjaNemec_Archive3DModels.archive_3d_models 34:Getting 3D models for footprint of: D1
02-02 07:56:33 com_github_MitjaNemec_Archive3DModels.archive_3d_models 45:Trying to copy: ${KIPRJMOD}/packages3D/SOT-23.wrl
02-02 07:56:33 com_github_MitjaNemec_Archive3DModels.archive_3d_models 105:Remapping: ${KIPRJMOD}/packages3D/SOT-23.wrl
02-02 07:56:33 com_github_MitjaNemec_Archive3DModels.archive_3d_models 34:Getting 3D models for footprint of: J1
02-02 07:56:33 com_github_MitjaNemec_Archive3DModels.archive_3d_models 45:Trying to copy: ${KIPRJMOD}/packages3D/DSUB-9_Male_Horizontal_P2.77x2.84mm_EdgePinOffset7.70mm_Housed_MountingHolesOffset9.12mm.wrl
02-02 07:56:33 com_github_MitjaNemec_Archive3DModels.archive_3d_models 105:Remapping: ${KIPRJMOD}/packages3D/DSUB-9_Male_Horizontal_P2.77x2.84mm_EdgePinOffset7.70mm_Housed_MountingHolesOffset9.12mm.wrl
02-02 07:56:33 com_github_MitjaNemec_Archive3DModels.archive_3d_models 34:Getting 3D models for footprint of: C15
02-02 07:56:33 com_github_MitjaNemec_Archive3DModels.archive_3d_models 45:Trying to copy: ${KIPRJMOD}/packages3D/C_0603_1608Metric.wrl
02-02 07:56:33 com_github_MitjaNemec_Archive3DModels.archive_3d_models 105:Remapping: ${KIPRJMOD}/packages3D/C_0603_1608Metric.wrl
02-02 07:56:33 com_github_MitjaNemec_Archive3DModels.archive_3d_models 34:Getting 3D models for footprint of: R8
02-02 07:56:33 com_github_MitjaNemec_Archive3DModels.archive_3d_models 45:Trying to copy: ${KIPRJMOD}/packages3D/R_0603_1608Metric.wrl
02-02 07:56:33 com_github_MitjaNemec_Archive3DModels.archive_3d_models 105:Remapping: ${KIPRJMOD}/packages3D/R_0603_1608Metric.wrl
02-02 07:56:33 com_github_MitjaNemec_Archive3DModels.archive_3d_models 34:Getting 3D models for footprint of: R24
02-02 07:56:33 com_github_MitjaNemec_Archive3DModels.archive_3d_models 45:Trying to copy: ${KIPRJMOD}/packages3D/R_0603_1608Metric.wrl
02-02 07:56:33 com_github_MitjaNemec_Archive3DModels.archive_3d_models 105:Remapping: ${KIPRJMOD}/packages3D/R_0603_1608Metric.wrl
02-02 07:56:33 com_github_MitjaNemec_Archive3DModels.archive_3d_models 34:Getting 3D models for footprint of: C10
02-02 07:56:33 com_github_MitjaNemec_Archive3DModels.archive_3d_models 45:Trying to copy: ${KIPRJMOD}/packages3D/C_0603_1608Metric.wrl
02-02 07:56:33 com_github_MitjaNemec_Archive3DModels.archive_3d_models 105:Remapping: ${KIPRJMOD}/packages3D/C_0603_1608Metric.wrl
02-02 07:56:33 com_github_MitjaNemec_Archive3DModels.archive_3d_models 34:Getting 3D models for footprint of: C2
02-02 07:56:33 com_github_MitjaNemec_Archive3DModels.archive_3d_models 45:Trying to copy: ${KIPRJMOD}/packages3D/C_0805_2012Metric.wrl
02-02 07:56:33 com_github_MitjaNemec_Archive3DModels.archive_3d_models 105:Remapping: ${KIPRJMOD}/packages3D/C_0805_2012Metric.wrl
02-02 07:56:33 com_github_MitjaNemec_Archive3DModels.archive_3d_models 34:Getting 3D models for footprint of: R4
02-02 07:56:33 com_github_MitjaNemec_Archive3DModels.archive_3d_models 45:Trying to copy: ${KIPRJMOD}/packages3D/R_0603_1608Metric.wrl
02-02 07:56:33 com_github_MitjaNemec_Archive3DModels.archive_3d_models 105:Remapping: ${KIPRJMOD}/packages3D/R_0603_1608Metric.wrl
02-02 07:56:33 com_github_MitjaNemec_Archive3DModels.archive_3d_models 34:Getting 3D models for footprint of: J3
02-02 07:56:33 com_github_MitjaNemec_Archive3DModels.archive_3d_models 45:Trying to copy: ${KIPRJMOD}/packages3D/PinHeader_1x03_P2.54mm_Horizontal.wrl
02-02 07:56:33 com_github_MitjaNemec_Archive3DModels.archive_3d_models 105:Remapping: ${KIPRJMOD}/packages3D/PinHeader_1x03_P2.54mm_Horizontal.wrl
02-02 07:56:33 com_github_MitjaNemec_Archive3DModels.archive_3d_models 34:Getting 3D models for footprint of: U4
02-02 07:56:33 com_github_MitjaNemec_Archive3DModels.archive_3d_models 45:Trying to copy: ${KIPRJMOD}/packages3D/SOIC-8_3.9x4.9mm_P1.27mm.wrl
02-02 07:56:33 com_github_MitjaNemec_Archive3DModels.archive_3d_models 105:Remapping: ${KIPRJMOD}/packages3D/SOIC-8_3.9x4.9mm_P1.27mm.wrl
02-02 07:56:33 com_github_MitjaNemec_Archive3DModels.archive_3d_models 34:Getting 3D models for footprint of: C22
02-02 07:56:33 com_github_MitjaNemec_Archive3DModels.archive_3d_models 45:Trying to copy: ${KIPRJMOD}/packages3D/C_0603_1608Metric.wrl
02-02 07:56:33 com_github_MitjaNemec_Archive3DModels.archive_3d_models 105:Remapping: ${KIPRJMOD}/packages3D/C_0603_1608Metric.wrl
02-02 07:56:33 com_github_MitjaNemec_Archive3DModels.archive_3d_models 34:Getting 3D models for footprint of: R27
02-02 07:56:33 com_github_MitjaNemec_Archive3DModels.archive_3d_models 45:Trying to copy: ${KIPRJMOD}/packages3D/R_0603_1608Metric.wrl
02-02 07:56:33 com_github_MitjaNemec_Archive3DModels.archive_3d_models 105:Remapping: ${KIPRJMOD}/packages3D/R_0603_1608Metric.wrl
02-02 07:56:33 com_github_MitjaNemec_Archive3DModels.archive_3d_models 34:Getting 3D models for footprint of: C20
02-02 07:56:33 com_github_MitjaNemec_Archive3DModels.archive_3d_models 45:Trying to copy: ${KIPRJMOD}/packages3D/C_0603_1608Metric.wrl
02-02 07:56:33 com_github_MitjaNemec_Archive3DModels.archive_3d_models 105:Remapping: ${KIPRJMOD}/packages3D/C_0603_1608Metric.wrl
02-02 07:56:33 com_github_MitjaNemec_Archive3DModels.archive_3d_models 34:Getting 3D models for footprint of: J9
02-02 07:56:33 com_github_MitjaNemec_Archive3DModels.archive_3d_models 45:Trying to copy: ${KIPRJMOD}/packages3D/PinHeader_1x03_P2.54mm_Horizontal.wrl
02-02 07:56:33 com_github_MitjaNemec_Archive3DModels.archive_3d_models 105:Remapping: ${KIPRJMOD}/packages3D/PinHeader_1x03_P2.54mm_Horizontal.wrl
02-02 07:56:33 com_github_MitjaNemec_Archive3DModels.archive_3d_models 34:Getting 3D models for footprint of: J8
02-02 07:56:33 com_github_MitjaNemec_Archive3DModels.archive_3d_models 45:Trying to copy: ${KIPRJMOD}/packages3D/PinHeader_1x03_P2.54mm_Horizontal.wrl
02-02 07:56:33 com_github_MitjaNemec_Archive3DModels.archive_3d_models 105:Remapping: ${KIPRJMOD}/packages3D/PinHeader_1x03_P2.54mm_Horizontal.wrl
02-02 07:56:33 com_github_MitjaNemec_Archive3DModels.archive_3d_models 34:Getting 3D models for footprint of: R20
02-02 07:56:33 com_github_MitjaNemec_Archive3DModels.archive_3d_models 45:Trying to copy: ${KIPRJMOD}/packages3D/R_0603_1608Metric.wrl
02-02 07:56:33 com_github_MitjaNemec_Archive3DModels.archive_3d_models 105:Remapping: ${KIPRJMOD}/packages3D/R_0603_1608Metric.wrl
02-02 07:56:33 com_github_MitjaNemec_Archive3DModels.archive_3d_models 34:Getting 3D models for footprint of: J4
02-02 07:56:33 com_github_MitjaNemec_Archive3DModels.archive_3d_models 45:Trying to copy: ${KIPRJMOD}/packages3D/PinHeader_1x03_P2.54mm_Horizontal.wrl
02-02 07:56:33 com_github_MitjaNemec_Archive3DModels.archive_3d_models 105:Remapping: ${KIPRJMOD}/packages3D/PinHeader_1x03_P2.54mm_Horizontal.wrl
02-02 07:56:33 com_github_MitjaNemec_Archive3DModels.archive_3d_models 34:Getting 3D models for footprint of: C3
02-02 07:56:33 com_github_MitjaNemec_Archive3DModels.archive_3d_models 45:Trying to copy: ${KIPRJMOD}/packages3D/C_0603_1608Metric.wrl
02-02 07:56:33 com_github_MitjaNemec_Archive3DModels.archive_3d_models 105:Remapping: ${KIPRJMOD}/packages3D/C_0603_1608Metric.wrl
02-02 07:56:33 com_github_MitjaNemec_Archive3DModels.archive_3d_models 34:Getting 3D models for footprint of: C5
02-02 07:56:33 com_github_MitjaNemec_Archive3DModels.archive_3d_models 45:Trying to copy: ${KIPRJMOD}/packages3D/C_1206_3216Metric.wrl
02-02 07:56:33 com_github_MitjaNemec_Archive3DModels.archive_3d_models 105:Remapping: ${KIPRJMOD}/packages3D/C_1206_3216Metric.wrl
02-02 07:56:33 com_github_MitjaNemec_Archive3DModels.archive_3d_models 34:Getting 3D models for footprint of: C8
02-02 07:56:33 com_github_MitjaNemec_Archive3DModels.archive_3d_models 45:Trying to copy: ${KIPRJMOD}/packages3D/C_0603_1608Metric.wrl
02-02 07:56:33 com_github_MitjaNemec_Archive3DModels.archive_3d_models 105:Remapping: ${KIPRJMOD}/packages3D/C_0603_1608Metric.wrl
02-02 07:56:33 com_github_MitjaNemec_Archive3DModels.archive_3d_models 34:Getting 3D models for footprint of: U5
02-02 07:56:33 com_github_MitjaNemec_Archive3DModels.archive_3d_models 45:Trying to copy: ${KIPRJMOD}/packages3D/LQFP-48_7x7mm_P0.5mm.wrl
02-02 07:56:33 com_github_MitjaNemec_Archive3DModels.archive_3d_models 105:Remapping: ${KIPRJMOD}/packages3D/LQFP-48_7x7mm_P0.5mm.wrl
02-02 07:56:33 com_github_MitjaNemec_Archive3DModels.archive_3d_models 34:Getting 3D models for footprint of: C4
02-02 07:56:33 com_github_MitjaNemec_Archive3DModels.archive_3d_models 45:Trying to copy: ${KIPRJMOD}/packages3D/C_1206_3216Metric.wrl
02-02 07:56:33 com_github_MitjaNemec_Archive3DModels.archive_3d_models 105:Remapping: ${KIPRJMOD}/packages3D/C_1206_3216Metric.wrl
02-02 07:56:33 com_github_MitjaNemec_Archive3DModels.archive_3d_models 34:Getting 3D models for footprint of: C1
02-02 07:56:33 com_github_MitjaNemec_Archive3DModels.archive_3d_models 45:Trying to copy: ${KIPRJMOD}/packages3D/C_1210_3225Metric.wrl
02-02 07:56:33 com_github_MitjaNemec_Archive3DModels.archive_3d_models 105:Remapping: ${KIPRJMOD}/packages3D/C_1210_3225Metric.wrl
02-02 07:56:33 com_github_MitjaNemec_Archive3DModels.archive_3d_models 34:Getting 3D models for footprint of: H1
02-02 07:56:33 com_github_MitjaNemec_Archive3DModels.archive_3d_models 34:Getting 3D models for footprint of: R1
02-02 07:56:33 com_github_MitjaNemec_Archive3DModels.archive_3d_models 45:Trying to copy: ${KIPRJMOD}/packages3D/R_0603_1608Metric.wrl
02-02 07:56:33 com_github_MitjaNemec_Archive3DModels.archive_3d_models 105:Remapping: ${KIPRJMOD}/packages3D/R_0603_1608Metric.wrl
02-02 07:56:33 com_github_MitjaNemec_Archive3DModels.archive_3d_models 34:Getting 3D models for footprint of: C13
02-02 07:56:33 com_github_MitjaNemec_Archive3DModels.archive_3d_models 45:Trying to copy: ${KIPRJMOD}/packages3D/C_0603_1608Metric.wrl
02-02 07:56:33 com_github_MitjaNemec_Archive3DModels.archive_3d_models 105:Remapping: ${KIPRJMOD}/packages3D/C_0603_1608Metric.wrl
02-02 07:56:33 com_github_MitjaNemec_Archive3DModels.archive_3d_models 34:Getting 3D models for footprint of: C12
02-02 07:56:33 com_github_MitjaNemec_Archive3DModels.archive_3d_models 45:Trying to copy: ${KIPRJMOD}/packages3D/C_0603_1608Metric.wrl
02-02 07:56:33 com_github_MitjaNemec_Archive3DModels.archive_3d_models 105:Remapping: ${KIPRJMOD}/packages3D/C_0603_1608Metric.wrl
02-02 07:56:33 com_github_MitjaNemec_Archive3DModels.archive_3d_models 34:Getting 3D models for footprint of: JP5
02-02 07:56:33 com_github_MitjaNemec_Archive3DModels.archive_3d_models 34:Getting 3D models for footprint of: JP3
02-02 07:56:33 com_github_MitjaNemec_Archive3DModels.archive_3d_models 34:Getting 3D models for footprint of: SYM1
02-02 07:56:33 com_github_MitjaNemec_Archive3DModels.archive_3d_models 34:Getting 3D models for footprint of: R15
02-02 07:56:33 com_github_MitjaNemec_Archive3DModels.archive_3d_models 45:Trying to copy: ${KIPRJMOD}/packages3D/R_0603_1608Metric.wrl
02-02 07:56:33 com_github_MitjaNemec_Archive3DModels.archive_3d_models 105:Remapping: ${KIPRJMOD}/packages3D/R_0603_1608Metric.wrl
02-02 07:56:33 com_github_MitjaNemec_Archive3DModels.archive_3d_models 34:Getting 3D models for footprint of: JP2
02-02 07:56:33 com_github_MitjaNemec_Archive3DModels.archive_3d_models 34:Getting 3D models for footprint of: JP4
02-02 07:56:33 com_github_MitjaNemec_Archive3DModels.archive_3d_models 34:Getting 3D models for footprint of: C14
02-02 07:56:33 com_github_MitjaNemec_Archive3DModels.archive_3d_models 45:Trying to copy: ${KIPRJMOD}/packages3D/C_0603_1608Metric.wrl
02-02 07:56:33 com_github_MitjaNemec_Archive3DModels.archive_3d_models 105:Remapping: ${KIPRJMOD}/packages3D/C_0603_1608Metric.wrl
02-02 07:56:33 com_github_MitjaNemec_Archive3DModels.archive_3d_models 34:Getting 3D models for footprint of: JP1
02-02 07:56:33 com_github_MitjaNemec_Archive3DModels.archive_3d_models 34:Getting 3D models for footprint of: R14
02-02 07:56:33 com_github_MitjaNemec_Archive3DModels.archive_3d_models 45:Trying to copy: ${KIPRJMOD}/packages3D/R_0603_1608Metric.wrl
02-02 07:56:33 com_github_MitjaNemec_Archive3DModels.archive_3d_models 105:Remapping: ${KIPRJMOD}/packages3D/R_0603_1608Metric.wrl
02-02 07:56:33 com_github_MitjaNemec_Archive3DModels.archive_3d_models 34:Getting 3D models for footprint of: LOGO1
02-02 07:56:33 com_github_MitjaNemec_Archive3DModels.archive_3d_models 34:Getting 3D models for footprint of: C16
02-02 07:56:33 com_github_MitjaNemec_Archive3DModels.archive_3d_models 45:Trying to copy: ${KIPRJMOD}/packages3D/C_0603_1608Metric.wrl
02-02 07:56:33 com_github_MitjaNemec_Archive3DModels.archive_3d_models 105:Remapping: ${KIPRJMOD}/packages3D/C_0603_1608Metric.wrl
